[2022-08-16T20:30:21.173Z] Log level: Info
[2022-08-16T20:30:21.174Z] [info] Validating found git in: git
[2022-08-16T20:30:21.187Z] [info] Using git 2.37.2 from git
[2022-08-16T20:30:21.204Z] > git rev-parse --show-toplevel [5ms]
[2022-08-16T20:30:21.215Z] > git rev-parse --git-dir --git-common-dir [2ms]
[2022-08-16T20:30:21.224Z] [info] Open repository: /home/junho/.config/nvim
[2022-08-16T20:30:22.300Z] > git status -z -uall [1068ms]
[2022-08-16T20:30:22.308Z] > git check-ignore -v -z --stdin [25ms]
[2022-08-16T20:30:22.309Z] > git symbolic-ref --short HEAD [3ms]
[2022-08-16T20:30:22.327Z] > git show --textconv :lua/staline-config/normal.lua [5ms]
[2022-08-16T20:30:22.335Z] > git ls-files --stage -- /home/junho/.config/nvim/lua/staline-config/normal.lua [9ms]
[2022-08-16T20:30:22.340Z] > git cat-file -s 89971f24d16978307c02fad75cc2b797223b10ce [1ms]
[2022-08-16T20:30:22.395Z] > git for-each-ref --format=%(refname)%00%(upstream:short)%00%(objectname)%00%(upstream:track)%00%(upstream:remotename)%00%(upstream:remoteref) refs/heads/main refs/remotes/main [81ms]
[2022-08-16T20:30:22.405Z] > git remote --verbose [2ms]
[2022-08-16T20:30:22.555Z] > git for-each-ref --sort -committerdate --format %(refname) %(objectname) %(*objectname) [156ms]
[2022-08-16T20:30:22.566Z] > git config --get commit.template [1ms]
[2022-08-16T20:30:22.575Z] > git status -z -uall [2ms]
[2022-08-16T20:30:22.580Z] > git symbolic-ref --short HEAD [1ms]
[2022-08-16T20:30:22.585Z] > git for-each-ref --format=%(refname)%00%(upstream:short)%00%(objectname)%00%(upstream:track)%00%(upstream:remotename)%00%(upstream:remoteref) refs/heads/main refs/remotes/main [1ms]
[2022-08-16T20:30:22.593Z] > git for-each-ref --sort -committerdate --format %(refname) %(objectname) %(*objectname) [5ms]
[2022-08-16T20:30:22.593Z] > git remote --verbose [1ms]
[2022-08-16T20:30:22.599Z] > git config --get commit.template [1ms]
[2022-08-16T20:30:22.791Z] > git check-ignore -v -z --stdin [1ms]
[2022-08-16T20:30:45.914Z] > git status -z -uall [3ms]
[2022-08-16T20:30:45.919Z] > git symbolic-ref --short HEAD [2ms]
[2022-08-16T20:30:45.923Z] > git for-each-ref --format=%(refname)%00%(upstream:short)%00%(objectname)%00%(upstream:track)%00%(upstream:remotename)%00%(upstream:remoteref) refs/heads/main refs/remotes/main [1ms]
[2022-08-16T20:30:45.931Z] > git for-each-ref --sort -committerdate --format %(refname) %(objectname) %(*objectname) [4ms]
[2022-08-16T20:30:45.931Z] > git remote --verbose [1ms]
[2022-08-16T20:30:45.939Z] > git config --get commit.template [1ms]
[2022-08-16T20:33:35.094Z] > git status -z -uall [2ms]
[2022-08-16T20:33:35.098Z] > git symbolic-ref --short HEAD [1ms]
[2022-08-16T20:33:35.103Z] > git for-each-ref --format=%(refname)%00%(upstream:short)%00%(objectname)%00%(upstream:track)%00%(upstream:remotename)%00%(upstream:remoteref) refs/heads/main refs/remotes/main [2ms]
[2022-08-16T20:33:35.111Z] > git for-each-ref --sort -committerdate --format %(refname) %(objectname) %(*objectname) [4ms]
[2022-08-16T20:33:35.112Z] > git remote --verbose [2ms]
[2022-08-16T20:33:35.120Z] > git config --get commit.template [2ms]
[2022-08-16T20:34:16.174Z] > git status -z -uall [2ms]
[2022-08-16T20:34:16.178Z] > git symbolic-ref --short HEAD [1ms]
[2022-08-16T20:34:16.183Z] > git for-each-ref --format=%(refname)%00%(upstream:short)%00%(objectname)%00%(upstream:track)%00%(upstream:remotename)%00%(upstream:remoteref) refs/heads/main refs/remotes/main [1ms]
[2022-08-16T20:34:16.190Z] > git for-each-ref --sort -committerdate --format %(refname) %(objectname) %(*objectname) [4ms]
[2022-08-16T20:34:16.190Z] > git remote --verbose [1ms]
[2022-08-16T20:34:16.196Z] > git config --get commit.template [1ms]
[2022-08-16T20:35:38.395Z] > git status -z -uall [3ms]
[2022-08-16T20:35:38.402Z] > git symbolic-ref --short HEAD [1ms]
[2022-08-16T20:35:38.409Z] > git for-each-ref --format=%(refname)%00%(upstream:short)%00%(objectname)%00%(upstream:track)%00%(upstream:remotename)%00%(upstream:remoteref) refs/heads/main refs/remotes/main [2ms]
[2022-08-16T20:35:38.421Z] > git for-each-ref --sort -committerdate --format %(refname) %(objectname) %(*objectname) [7ms]
[2022-08-16T20:35:38.422Z] > git remote --verbose [3ms]
[2022-08-16T20:35:38.430Z] > git config --get commit.template [1ms]
[2022-08-16T20:35:43.437Z] > git status -z -uall [3ms]
[2022-08-16T20:35:43.443Z] > git symbolic-ref --short HEAD [1ms]
[2022-08-16T20:35:43.448Z] > git for-each-ref --format=%(refname)%00%(upstream:short)%00%(objectname)%00%(upstream:track)%00%(upstream:remotename)%00%(upstream:remoteref) refs/heads/main refs/remotes/main [2ms]
[2022-08-16T20:35:43.455Z] > git for-each-ref --sort -committerdate --format %(refname) %(objectname) %(*objectname) [4ms]
[2022-08-16T20:35:43.455Z] > git remote --verbose [1ms]
[2022-08-16T20:35:43.461Z] > git config --get commit.template [1ms]
[2022-08-16T20:35:55.958Z] > git status -z -uall [3ms]
[2022-08-16T20:35:55.962Z] > git symbolic-ref --short HEAD [1ms]
[2022-08-16T20:35:55.967Z] > git for-each-ref --format=%(refname)%00%(upstream:short)%00%(objectname)%00%(upstream:track)%00%(upstream:remotename)%00%(upstream:remoteref) refs/heads/main refs/remotes/main [1ms]
[2022-08-16T20:35:55.974Z] > git for-each-ref --sort -committerdate --format %(refname) %(objectname) %(*objectname) [4ms]
[2022-08-16T20:35:55.975Z] > git remote --verbose [2ms]
[2022-08-16T20:35:55.980Z] > git config --get commit.template [1ms]
[2022-08-16T20:36:21.160Z] > git status -z -uall [3ms]
[2022-08-16T20:36:21.167Z] > git symbolic-ref --short HEAD [2ms]
[2022-08-16T20:36:21.174Z] > git for-each-ref --format=%(refname)%00%(upstream:short)%00%(objectname)%00%(upstream:track)%00%(upstream:remotename)%00%(upstream:remoteref) refs/heads/main refs/remotes/main [2ms]
[2022-08-16T20:36:21.185Z] > git for-each-ref --sort -committerdate --format %(refname) %(objectname) %(*objectname) [5ms]
[2022-08-16T20:36:21.186Z] > git remote --verbose [2ms]
[2022-08-16T20:36:21.194Z] > git config --get commit.template [1ms]
