[2022-08-16 17:30:19.036] [exthost] [info] Extension host with pid 3367 started
[2022-08-16 17:30:19.036] [exthost] [info] Skipping acquiring lock for /home/junho/.config/Code - OSS/User/workspaceStorage/285ea23b70523ef067a597f7a4a68a27.
[2022-08-16 17:30:19.127] [exthost] [info] ExtensionService#_doActivateExtension vscode.debug-auto-launch, startup: true, activationEvent: '*'
[2022-08-16 17:30:19.257] [exthost] [info] ExtensionService#_doActivateExtension vscode.git-base, startup: true, activationEvent: '*', root cause: vscode.git
[2022-08-16 17:30:19.599] [exthost] [info] ExtensionService#_doActivateExtension vscode.ipynb, startup: true, activationEvent: '*'
[2022-08-16 17:30:20.552] [exthost] [info] ExtensionService#_doActivateExtension vscode.git, startup: true, activationEvent: '*'
[2022-08-16 17:30:20.813] [exthost] [info] ExtensionService#_doActivateExtension vscode.github, startup: true, activationEvent: '*'
[2022-08-16 17:30:21.201] [exthost] [info] Eager extensions activated
[2022-08-16 17:30:21.240] [exthost] [info] ExtensionService#_doActivateExtension vscode.emmet, startup: false, activationEvent: 'onStartupFinished'
[2022-08-16 17:30:21.667] [exthost] [info] ExtensionService#_doActivateExtension vscode.merge-conflict, startup: false, activationEvent: 'onStartupFinished'
[2022-08-16 17:30:22.077] [exthost] [info] ExtensionService#_doActivateExtension PKief.material-icon-theme, startup: false, activationEvent: 'onStartupFinished'
[2022-08-16 17:36:38.542] [exthost] [info] Extension host terminating: received terminate message from renderer
[2022-08-16 17:36:38.551] [exthost] [info] Extension host with pid 3367 exiting with code 0
[2022-08-16 17:36:41.907] [exthost] [info] Extension host with pid 4421 started
[2022-08-16 17:36:41.907] [exthost] [info] Skipping acquiring lock for /home/junho/.config/Code - OSS/User/workspaceStorage/1f82ef3f423b83ff1eb7852f9f4b36af.
[2022-08-16 17:36:41.994] [exthost] [info] ExtensionService#_doActivateExtension vscode.debug-auto-launch, startup: true, activationEvent: '*'
[2022-08-16 17:36:41.997] [exthost] [info] ExtensionService#_doActivateExtension vscode.git-base, startup: true, activationEvent: '*'
[2022-08-16 17:36:41.999] [exthost] [info] ExtensionService#_doActivateExtension vscode.ipynb, startup: true, activationEvent: '*'
[2022-08-16 17:36:42.377] [exthost] [info] ExtensionService#_doActivateExtension vscode.github, startup: true, activationEvent: '*'
[2022-08-16 17:36:42.385] [exthost] [info] Eager extensions activated
[2022-08-16 17:36:42.486] [exthost] [info] ExtensionService#_doActivateExtension vscode.emmet, startup: false, activationEvent: 'onStartupFinished'
[2022-08-16 17:36:42.492] [exthost] [info] ExtensionService#_doActivateExtension vscode.merge-conflict, startup: false, activationEvent: 'onStartupFinished'
[2022-08-16 17:36:42.494] [exthost] [info] ExtensionService#_doActivateExtension PKief.material-icon-theme, startup: false, activationEvent: 'onStartupFinished'
[2022-08-16 17:36:42.550] [exthost] [info] ExtensionService#_doActivateExtension vscode.git, startup: false, activationEvent: 'api', root cause: vscode.github
