[2022-08-16T20:36:42.573Z] Log level: Info
[2022-08-16T20:36:42.574Z] [info] Validating found git in: git
[2022-08-16T20:36:42.586Z] [info] Using git 2.37.2 from git
[2022-08-16T20:36:42.600Z] > git rev-parse --show-toplevel [4ms]
[2022-08-16T20:36:42.613Z] > git rev-parse --git-dir --git-common-dir [5ms]
[2022-08-16T20:36:42.621Z] [info] Open repository: /home/junho/.config/nvim
[2022-08-16T20:36:42.631Z] > git status -z -uall [2ms]
[2022-08-16T20:36:42.637Z] > git symbolic-ref --short HEAD [1ms]
[2022-08-16T20:36:42.643Z] > git for-each-ref --format=%(refname)%00%(upstream:short)%00%(objectname)%00%(upstream:track)%00%(upstream:remotename)%00%(upstream:remoteref) refs/heads/main refs/remotes/main [2ms]
[2022-08-16T20:36:42.656Z] > git remote --verbose [4ms]
[2022-08-16T20:36:42.657Z] > git for-each-ref --sort -committerdate --format %(refname) %(objectname) %(*objectname) [9ms]
[2022-08-16T20:36:42.667Z] > git config --get commit.template [1ms]
[2022-08-16T20:36:42.676Z] > git status -z -uall [3ms]
[2022-08-16T20:36:42.681Z] > git symbolic-ref --short HEAD [1ms]
[2022-08-16T20:36:42.687Z] > git for-each-ref --format=%(refname)%00%(upstream:short)%00%(objectname)%00%(upstream:track)%00%(upstream:remotename)%00%(upstream:remoteref) refs/heads/main refs/remotes/main [2ms]
[2022-08-16T20:36:42.696Z] > git for-each-ref --sort -committerdate --format %(refname) %(objectname) %(*objectname) [5ms]
[2022-08-16T20:36:42.697Z] > git remote --verbose [2ms]
[2022-08-16T20:36:42.704Z] > git config --get commit.template [0ms]
[2022-08-16T20:36:43.170Z] > git check-ignore -v -z --stdin [2ms]
[2022-08-16T20:36:44.325Z] > git check-ignore -v -z --stdin [1ms]
[2022-08-16T20:36:45.676Z] > git check-ignore -v -z --stdin [1ms]
[2022-08-16T20:36:47.662Z] > git show --textconv :lua/vapour/user-config/init.lua [4ms]
[2022-08-16T20:36:47.663Z] > git ls-files --stage -- /home/junho/.config/nvim/lua/vapour/user-config/init.lua [2ms]
[2022-08-16T20:36:48.131Z] > git show --textconv :lua/vapour/user-config/init.lua.example [4ms]
[2022-08-16T20:36:48.132Z] > git ls-files --stage -- /home/junho/.config/nvim/lua/vapour/user-config/init.lua.example [1ms]
[2022-08-16T20:36:48.137Z] > git cat-file -s b732e19564c940ce73381bde459c9c8f89f563f9 [1ms]
[2022-08-16T20:36:56.781Z] > git show --textconv :lua/vapour/user-config/init.lua [5ms]
[2022-08-16T20:36:56.782Z] > git ls-files --stage -- /home/junho/.config/nvim/lua/vapour/user-config/init.lua [2ms]
[2022-08-16T20:37:20.772Z] > git status -z -uall [7ms]
[2022-08-16T20:37:20.779Z] > git symbolic-ref --short HEAD [2ms]
[2022-08-16T20:37:20.785Z] > git for-each-ref --format=%(refname)%00%(upstream:short)%00%(objectname)%00%(upstream:track)%00%(upstream:remotename)%00%(upstream:remoteref) refs/heads/main refs/remotes/main [1ms]
[2022-08-16T20:37:20.797Z] > git for-each-ref --sort -committerdate --format %(refname) %(objectname) %(*objectname) [7ms]
[2022-08-16T20:37:20.797Z] > git remote --verbose [2ms]
[2022-08-16T20:37:20.807Z] > git config --get commit.template [2ms]
[2022-08-16T20:37:43.511Z] > git check-ignore -v -z --stdin [1ms]
[2022-08-16T20:37:44.631Z] > git show --textconv :lua/colorscheme/catppuccin.lua [5ms]
[2022-08-16T20:37:44.632Z] > git ls-files --stage -- /home/junho/.config/nvim/lua/colorscheme/catppuccin.lua [1ms]
[2022-08-16T20:37:44.637Z] > git cat-file -s 6429fa707a20a2bd8eec0c251dc0ce1675598789 [1ms]
[2022-08-16T20:37:58.429Z] > git show --textconv :lua/colorscheme/dracula.lua [6ms]
[2022-08-16T20:37:58.430Z] > git ls-files --stage -- /home/junho/.config/nvim/lua/colorscheme/dracula.lua [2ms]
[2022-08-16T20:37:58.435Z] > git cat-file -s 4c75c112c746ba77a168819ac44d725fc190fbe0 [1ms]
[2022-08-16T20:38:04.144Z] > git show --textconv :lua/colorscheme/catppuccin.lua [4ms]
[2022-08-16T20:38:04.145Z] > git ls-files --stage -- /home/junho/.config/nvim/lua/colorscheme/catppuccin.lua [2ms]
[2022-08-16T20:38:04.149Z] > git cat-file -s 6429fa707a20a2bd8eec0c251dc0ce1675598789 [1ms]
[2022-08-16T20:38:17.214Z] > git check-ignore -v -z --stdin [1ms]
[2022-08-16T20:38:19.841Z] > git check-ignore -v -z --stdin [2ms]
[2022-08-16T20:38:20.928Z] > git show --textconv :lua/staline-config/normal.lua [4ms]
[2022-08-16T20:38:20.928Z] > git ls-files --stage -- /home/junho/.config/nvim/lua/staline-config/normal.lua [1ms]
[2022-08-16T20:38:20.933Z] > git cat-file -s 89971f24d16978307c02fad75cc2b797223b10ce [1ms]
[2022-08-16T20:38:49.057Z] > git status -z -uall [2ms]
[2022-08-16T20:38:49.064Z] > git symbolic-ref --short HEAD [1ms]
[2022-08-16T20:38:49.071Z] > git for-each-ref --format=%(refname)%00%(upstream:short)%00%(objectname)%00%(upstream:track)%00%(upstream:remotename)%00%(upstream:remoteref) refs/heads/main refs/remotes/main [1ms]
[2022-08-16T20:38:49.085Z] > git for-each-ref --sort -committerdate --format %(refname) %(objectname) %(*objectname) [8ms]
[2022-08-16T20:38:49.086Z] > git remote --verbose [3ms]
[2022-08-16T20:38:49.095Z] > git config --get commit.template [1ms]
[2022-08-16T20:38:53.319Z] > git show --textconv :lua/vapour/user-config/init.lua [4ms]
[2022-08-16T20:38:53.320Z] > git ls-files --stage -- /home/junho/.config/nvim/lua/vapour/user-config/init.lua [1ms]
[2022-08-16T20:38:56.237Z] > git status -z -uall [3ms]
[2022-08-16T20:38:56.241Z] > git symbolic-ref --short HEAD [1ms]
[2022-08-16T20:38:56.246Z] > git for-each-ref --format=%(refname)%00%(upstream:short)%00%(objectname)%00%(upstream:track)%00%(upstream:remotename)%00%(upstream:remoteref) refs/heads/main refs/remotes/main [1ms]
[2022-08-16T20:38:56.254Z] > git for-each-ref --sort -committerdate --format %(refname) %(objectname) %(*objectname) [4ms]
[2022-08-16T20:38:56.255Z] > git remote --verbose [2ms]
[2022-08-16T20:38:56.261Z] > git config --get commit.template [1ms]
[2022-08-16T20:38:58.257Z] > git show --textconv :lua/staline-config/normal.lua [4ms]
[2022-08-16T20:38:58.257Z] > git ls-files --stage -- /home/junho/.config/nvim/lua/staline-config/normal.lua [1ms]
[2022-08-16T20:38:58.262Z] > git cat-file -s 89971f24d16978307c02fad75cc2b797223b10ce [2ms]
[2022-08-16T20:39:23.581Z] > git status -z -uall [2ms]
[2022-08-16T20:39:23.589Z] > git symbolic-ref --short HEAD [2ms]
[2022-08-16T20:39:23.595Z] > git for-each-ref --format=%(refname)%00%(upstream:short)%00%(objectname)%00%(upstream:track)%00%(upstream:remotename)%00%(upstream:remoteref) refs/heads/main refs/remotes/main [2ms]
[2022-08-16T20:39:23.605Z] > git for-each-ref --sort -committerdate --format %(refname) %(objectname) %(*objectname) [6ms]
[2022-08-16T20:39:23.605Z] > git remote --verbose [1ms]
[2022-08-16T20:39:23.614Z] > git config --get commit.template [1ms]
